08-Jul-2020 06:05:39.986 INFORMAÇÕES [http-nio-8001-exec-2] org.apache.catalina.core.ApplicationContext.log HTMLManager: init: Associated with Deployer 'Catalina:type=Deployer,host=localhost'
08-Jul-2020 06:05:39.987 INFORMAÇÕES [http-nio-8001-exec-2] org.apache.catalina.core.ApplicationContext.log HTMLManager: init: Global resources are available
08-Jul-2020 06:05:40.018 INFORMAÇÕES [http-nio-8001-exec-2] org.apache.catalina.core.ApplicationContext.log HTMLManager: list: Listing contexts for virtual host 'localhost'
08-Jul-2020 06:05:47.552 INFORMAÇÕES [http-nio-8001-exec-6] org.apache.catalina.core.ApplicationContext.log HTMLManager: list: Listing contexts for virtual host 'localhost'
08-Jul-2020 06:05:55.668 INFORMAÇÕES [http-nio-8001-exec-7] org.apache.catalina.core.ApplicationContext.log HTMLManager: undeploy: Undeploying web application at '/tasks'
08-Jul-2020 06:05:56.239 INFORMAÇÕES [http-nio-8001-exec-7] org.apache.catalina.core.ApplicationContext.log HTMLManager: list: Listing contexts for virtual host 'localhost'
08-Jul-2020 06:07:22.860 INFORMAÇÕES [http-nio-8001-exec-11] org.apache.catalina.core.ApplicationContext.log HTMLManager: undeploy: Undeploying web application at '/tasks'
08-Jul-2020 06:07:22.861 INFORMAÇÕES [http-nio-8001-exec-11] org.apache.catalina.core.ApplicationContext.log HTMLManager: list: Listing contexts for virtual host 'localhost'
08-Jul-2020 06:09:03.623 INFORMAÇÕES [http-nio-8001-exec-15] org.apache.catalina.core.ApplicationContext.log HTMLManager: list: Listing contexts for virtual host 'localhost'
08-Jul-2020 06:23:03.377 INFORMAÇÕES [http-nio-8001-exec-13] org.apache.catalina.core.ApplicationContext.log Manager: init: Associated with Deployer 'Catalina:type=Deployer,host=localhost'
08-Jul-2020 06:23:03.377 INFORMAÇÕES [http-nio-8001-exec-13] org.apache.catalina.core.ApplicationContext.log Manager: init: Global resources are available
08-Jul-2020 06:23:03.379 INFORMAÇÕES [http-nio-8001-exec-13] org.apache.catalina.core.ApplicationContext.log Manager: list: Listing contexts for virtual host 'localhost'
08-Jul-2020 06:23:03.389 INFORMAÇÕES [http-nio-8001-exec-14] org.apache.catalina.core.ApplicationContext.log Manager: deploy: Deploying web application '/tasks'
08-Jul-2020 06:23:03.389 INFORMAÇÕES [http-nio-8001-exec-14] org.apache.catalina.core.ApplicationContext.log Manager: Uploading WAR file to /Volumes/ROBERTO-CD1/Dev/udemy.com/integracao-continua-jenkins/devops/apache-tomcat-9.0.36/webapps/tasks.war
08-Jul-2020 07:30:49.834 INFORMAÇÕES [http-nio-8001-exec-12] org.apache.catalina.core.ApplicationContext.log HTMLManager: list: Listing contexts for virtual host 'localhost'
08-Jul-2020 07:30:55.490 INFORMAÇÕES [http-nio-8001-exec-20] org.apache.catalina.core.ApplicationContext.log HTMLManager: undeploy: Undeploying web application at '/tasks-backend'
08-Jul-2020 07:30:56.200 INFORMAÇÕES [http-nio-8001-exec-20] org.apache.catalina.core.ApplicationContext.log HTMLManager: list: Listing contexts for virtual host 'localhost'
08-Jul-2020 07:31:00.601 INFORMAÇÕES [http-nio-8001-exec-19] org.apache.catalina.core.ApplicationContext.log HTMLManager: undeploy: Undeploying web application at '/tasks'
08-Jul-2020 07:31:01.184 INFORMAÇÕES [http-nio-8001-exec-19] org.apache.catalina.core.ApplicationContext.log HTMLManager: list: Listing contexts for virtual host 'localhost'
08-Jul-2020 07:41:20.914 INFORMAÇÕES [http-nio-8001-exec-23] org.apache.catalina.core.ApplicationContext.log Manager: list: Listing contexts for virtual host 'localhost'
08-Jul-2020 07:41:20.919 INFORMAÇÕES [http-nio-8001-exec-24] org.apache.catalina.core.ApplicationContext.log Manager: deploy: Deploying web application '/tasks-backend'
08-Jul-2020 07:41:20.919 INFORMAÇÕES [http-nio-8001-exec-24] org.apache.catalina.core.ApplicationContext.log Manager: Uploading WAR file to /Volumes/ROBERTO-CD1/Dev/udemy.com/integracao-continua-jenkins/devops/apache-tomcat-9.0.36/webapps/tasks-backend.war
08-Jul-2020 08:42:35.008 INFORMAÇÕES [http-nio-8001-exec-23] org.apache.catalina.core.ApplicationContext.log HTMLManager: list: Listing contexts for virtual host 'localhost'
08-Jul-2020 08:42:39.177 INFORMAÇÕES [http-nio-8001-exec-24] org.apache.catalina.core.ApplicationContext.log HTMLManager: list: Listing contexts for virtual host 'localhost'
08-Jul-2020 08:42:44.190 INFORMAÇÕES [http-nio-8001-exec-26] org.apache.catalina.core.ApplicationContext.log HTMLManager: undeploy: Undeploying web application at '/tasks-backend'
08-Jul-2020 08:42:44.902 INFORMAÇÕES [http-nio-8001-exec-26] org.apache.catalina.core.ApplicationContext.log HTMLManager: list: Listing contexts for virtual host 'localhost'
08-Jul-2020 08:43:30.942 INFORMAÇÕES [http-nio-8001-exec-24] org.apache.catalina.core.ApplicationContext.log Manager: list: Listing contexts for virtual host 'localhost'
08-Jul-2020 08:43:30.946 INFORMAÇÕES [http-nio-8001-exec-31] org.apache.catalina.core.ApplicationContext.log Manager: deploy: Deploying web application '/tasks'
08-Jul-2020 08:43:30.947 INFORMAÇÕES [http-nio-8001-exec-31] org.apache.catalina.core.ApplicationContext.log Manager: Uploading WAR file to /Volumes/ROBERTO-CD1/Dev/udemy.com/integracao-continua-jenkins/devops/apache-tomcat-9.0.36/webapps/tasks.war
08-Jul-2020 08:43:56.612 INFORMAÇÕES [http-nio-8001-exec-33] org.apache.catalina.core.ApplicationContext.log Manager: list: Listing contexts for virtual host 'localhost'
08-Jul-2020 08:43:56.615 INFORMAÇÕES [http-nio-8001-exec-34] org.apache.catalina.core.ApplicationContext.log Manager: deploy: Deploying web application '/tasks-backend'
08-Jul-2020 08:43:56.616 INFORMAÇÕES [http-nio-8001-exec-34] org.apache.catalina.core.ApplicationContext.log Manager: Uploading WAR file to /Volumes/ROBERTO-CD1/Dev/udemy.com/integracao-continua-jenkins/devops/apache-tomcat-9.0.36/webapps/tasks-backend.war
08-Jul-2020 08:44:30.399 INFORMAÇÕES [http-nio-8001-exec-35] org.apache.catalina.core.ApplicationContext.log Manager: list: Listing contexts for virtual host 'localhost'
08-Jul-2020 08:44:30.402 INFORMAÇÕES [http-nio-8001-exec-36] org.apache.catalina.core.ApplicationContext.log Manager: list: Listing contexts for virtual host 'localhost'
08-Jul-2020 08:44:30.404 INFORMAÇÕES [http-nio-8001-exec-37] org.apache.catalina.core.ApplicationContext.log Manager: undeploy: Undeploying web application at '/tasks'
08-Jul-2020 08:44:30.983 INFORMAÇÕES [http-nio-8001-exec-34] org.apache.catalina.core.ApplicationContext.log Manager: deploy: Deploying web application '/tasks'
08-Jul-2020 08:44:30.983 INFORMAÇÕES [http-nio-8001-exec-34] org.apache.catalina.core.ApplicationContext.log Manager: Uploading WAR file to /Volumes/ROBERTO-CD1/Dev/udemy.com/integracao-continua-jenkins/devops/apache-tomcat-9.0.36/webapps/tasks.war
08-Jul-2020 08:44:55.926 INFORMAÇÕES [http-nio-8001-exec-27] org.apache.catalina.core.ApplicationContext.log Manager: list: Listing contexts for virtual host 'localhost'
08-Jul-2020 08:44:55.928 INFORMAÇÕES [http-nio-8001-exec-35] org.apache.catalina.core.ApplicationContext.log Manager: list: Listing contexts for virtual host 'localhost'
08-Jul-2020 08:44:55.929 INFORMAÇÕES [http-nio-8001-exec-23] org.apache.catalina.core.ApplicationContext.log Manager: undeploy: Undeploying web application at '/tasks-backend'
08-Jul-2020 08:44:56.512 INFORMAÇÕES [http-nio-8001-exec-41] org.apache.catalina.core.ApplicationContext.log Manager: deploy: Deploying web application '/tasks-backend'
08-Jul-2020 08:44:56.512 INFORMAÇÕES [http-nio-8001-exec-41] org.apache.catalina.core.ApplicationContext.log Manager: Uploading WAR file to /Volumes/ROBERTO-CD1/Dev/udemy.com/integracao-continua-jenkins/devops/apache-tomcat-9.0.36/webapps/tasks-backend.war
08-Jul-2020 08:45:41.479 INFORMAÇÕES [http-nio-8001-exec-35] org.apache.catalina.core.ApplicationContext.log Manager: list: Listing contexts for virtual host 'localhost'
08-Jul-2020 08:45:41.482 INFORMAÇÕES [http-nio-8001-exec-38] org.apache.catalina.core.ApplicationContext.log Manager: list: Listing contexts for virtual host 'localhost'
08-Jul-2020 08:45:41.485 INFORMAÇÕES [http-nio-8001-exec-25] org.apache.catalina.core.ApplicationContext.log Manager: undeploy: Undeploying web application at '/tasks'
08-Jul-2020 08:45:42.085 INFORMAÇÕES [http-nio-8001-exec-43] org.apache.catalina.core.ApplicationContext.log Manager: deploy: Deploying web application '/tasks'
08-Jul-2020 08:45:42.085 INFORMAÇÕES [http-nio-8001-exec-43] org.apache.catalina.core.ApplicationContext.log Manager: Uploading WAR file to /Volumes/ROBERTO-CD1/Dev/udemy.com/integracao-continua-jenkins/devops/apache-tomcat-9.0.36/webapps/tasks.war
08-Jul-2020 08:46:07.337 INFORMAÇÕES [http-nio-8001-exec-42] org.apache.catalina.core.ApplicationContext.log Manager: list: Listing contexts for virtual host 'localhost'
08-Jul-2020 08:46:07.339 INFORMAÇÕES [http-nio-8001-exec-46] org.apache.catalina.core.ApplicationContext.log Manager: list: Listing contexts for virtual host 'localhost'
08-Jul-2020 08:46:07.341 INFORMAÇÕES [http-nio-8001-exec-23] org.apache.catalina.core.ApplicationContext.log Manager: undeploy: Undeploying web application at '/tasks-backend'
08-Jul-2020 08:46:07.932 INFORMAÇÕES [http-nio-8001-exec-46] org.apache.catalina.core.ApplicationContext.log Manager: deploy: Deploying web application '/tasks-backend'
08-Jul-2020 08:46:07.932 INFORMAÇÕES [http-nio-8001-exec-46] org.apache.catalina.core.ApplicationContext.log Manager: Uploading WAR file to /Volumes/ROBERTO-CD1/Dev/udemy.com/integracao-continua-jenkins/devops/apache-tomcat-9.0.36/webapps/tasks-backend.war
08-Jul-2020 08:46:47.589 INFORMAÇÕES [http-nio-8001-exec-45] org.apache.catalina.core.ApplicationContext.log Manager: list: Listing contexts for virtual host 'localhost'
08-Jul-2020 08:46:47.595 INFORMAÇÕES [http-nio-8001-exec-25] org.apache.catalina.core.ApplicationContext.log Manager: list: Listing contexts for virtual host 'localhost'
08-Jul-2020 08:46:47.602 INFORMAÇÕES [http-nio-8001-exec-33] org.apache.catalina.core.ApplicationContext.log Manager: undeploy: Undeploying web application at '/tasks'
08-Jul-2020 08:46:48.224 INFORMAÇÕES [http-nio-8001-exec-49] org.apache.catalina.core.ApplicationContext.log Manager: deploy: Deploying web application '/tasks'
08-Jul-2020 08:46:48.224 INFORMAÇÕES [http-nio-8001-exec-49] org.apache.catalina.core.ApplicationContext.log Manager: Uploading WAR file to /Volumes/ROBERTO-CD1/Dev/udemy.com/integracao-continua-jenkins/devops/apache-tomcat-9.0.36/webapps/tasks.war
08-Jul-2020 08:47:17.105 INFORMAÇÕES [http-nio-8001-exec-48] org.apache.catalina.core.ApplicationContext.log Manager: list: Listing contexts for virtual host 'localhost'
08-Jul-2020 08:47:17.117 INFORMAÇÕES [http-nio-8001-exec-23] org.apache.catalina.core.ApplicationContext.log Manager: list: Listing contexts for virtual host 'localhost'
08-Jul-2020 08:47:17.120 INFORMAÇÕES [http-nio-8001-exec-25] org.apache.catalina.core.ApplicationContext.log Manager: undeploy: Undeploying web application at '/tasks-backend'
08-Jul-2020 08:47:17.735 INFORMAÇÕES [http-nio-8001-exec-48] org.apache.catalina.core.ApplicationContext.log Manager: deploy: Deploying web application '/tasks-backend'
08-Jul-2020 08:47:17.735 INFORMAÇÕES [http-nio-8001-exec-48] org.apache.catalina.core.ApplicationContext.log Manager: Uploading WAR file to /Volumes/ROBERTO-CD1/Dev/udemy.com/integracao-continua-jenkins/devops/apache-tomcat-9.0.36/webapps/tasks-backend.war
08-Jul-2020 08:48:01.492 INFORMAÇÕES [http-nio-8001-exec-51] org.apache.catalina.core.ApplicationContext.log Manager: list: Listing contexts for virtual host 'localhost'
08-Jul-2020 08:48:01.494 INFORMAÇÕES [http-nio-8001-exec-23] org.apache.catalina.core.ApplicationContext.log Manager: list: Listing contexts for virtual host 'localhost'
08-Jul-2020 08:48:01.496 INFORMAÇÕES [http-nio-8001-exec-50] org.apache.catalina.core.ApplicationContext.log Manager: undeploy: Undeploying web application at '/tasks'
08-Jul-2020 08:48:02.063 INFORMAÇÕES [http-nio-8001-exec-52] org.apache.catalina.core.ApplicationContext.log Manager: deploy: Deploying web application '/tasks'
08-Jul-2020 08:48:02.063 INFORMAÇÕES [http-nio-8001-exec-52] org.apache.catalina.core.ApplicationContext.log Manager: Uploading WAR file to /Volumes/ROBERTO-CD1/Dev/udemy.com/integracao-continua-jenkins/devops/apache-tomcat-9.0.36/webapps/tasks.war
08-Jul-2020 08:48:27.430 INFORMAÇÕES [http-nio-8001-exec-53] org.apache.catalina.core.ApplicationContext.log Manager: list: Listing contexts for virtual host 'localhost'
08-Jul-2020 08:48:27.432 INFORMAÇÕES [http-nio-8001-exec-23] org.apache.catalina.core.ApplicationContext.log Manager: list: Listing contexts for virtual host 'localhost'
08-Jul-2020 08:48:27.435 INFORMAÇÕES [http-nio-8001-exec-33] org.apache.catalina.core.ApplicationContext.log Manager: undeploy: Undeploying web application at '/tasks-backend'
08-Jul-2020 08:48:28.023 INFORMAÇÕES [http-nio-8001-exec-56] org.apache.catalina.core.ApplicationContext.log Manager: deploy: Deploying web application '/tasks-backend'
08-Jul-2020 08:48:28.023 INFORMAÇÕES [http-nio-8001-exec-56] org.apache.catalina.core.ApplicationContext.log Manager: Uploading WAR file to /Volumes/ROBERTO-CD1/Dev/udemy.com/integracao-continua-jenkins/devops/apache-tomcat-9.0.36/webapps/tasks-backend.war
08-Jul-2020 08:49:01.801 INFORMAÇÕES [http-nio-8001-exec-50] org.apache.catalina.core.ApplicationContext.log Manager: list: Listing contexts for virtual host 'localhost'
08-Jul-2020 08:49:01.803 INFORMAÇÕES [http-nio-8001-exec-36] org.apache.catalina.core.ApplicationContext.log Manager: list: Listing contexts for virtual host 'localhost'
08-Jul-2020 08:49:01.804 INFORMAÇÕES [http-nio-8001-exec-39] org.apache.catalina.core.ApplicationContext.log Manager: undeploy: Undeploying web application at '/tasks'
08-Jul-2020 08:49:02.375 INFORMAÇÕES [http-nio-8001-exec-58] org.apache.catalina.core.ApplicationContext.log Manager: deploy: Deploying web application '/tasks'
08-Jul-2020 08:49:02.375 INFORMAÇÕES [http-nio-8001-exec-58] org.apache.catalina.core.ApplicationContext.log Manager: Uploading WAR file to /Volumes/ROBERTO-CD1/Dev/udemy.com/integracao-continua-jenkins/devops/apache-tomcat-9.0.36/webapps/tasks.war
08-Jul-2020 08:49:31.400 INFORMAÇÕES [http-nio-8001-exec-55] org.apache.catalina.core.ApplicationContext.log Manager: list: Listing contexts for virtual host 'localhost'
08-Jul-2020 08:49:31.403 INFORMAÇÕES [http-nio-8001-exec-30] org.apache.catalina.core.ApplicationContext.log Manager: list: Listing contexts for virtual host 'localhost'
08-Jul-2020 08:49:31.405 INFORMAÇÕES [http-nio-8001-exec-33] org.apache.catalina.core.ApplicationContext.log Manager: undeploy: Undeploying web application at '/tasks-backend'
08-Jul-2020 08:49:32.075 INFORMAÇÕES [http-nio-8001-exec-57] org.apache.catalina.core.ApplicationContext.log Manager: deploy: Deploying web application '/tasks-backend'
08-Jul-2020 08:49:32.075 INFORMAÇÕES [http-nio-8001-exec-57] org.apache.catalina.core.ApplicationContext.log Manager: Uploading WAR file to /Volumes/ROBERTO-CD1/Dev/udemy.com/integracao-continua-jenkins/devops/apache-tomcat-9.0.36/webapps/tasks-backend.war
08-Jul-2020 08:50:15.177 INFORMAÇÕES [http-nio-8001-exec-60] org.apache.catalina.core.ApplicationContext.log Manager: list: Listing contexts for virtual host 'localhost'
08-Jul-2020 08:50:15.179 INFORMAÇÕES [http-nio-8001-exec-30] org.apache.catalina.core.ApplicationContext.log Manager: list: Listing contexts for virtual host 'localhost'
08-Jul-2020 08:50:15.181 INFORMAÇÕES [http-nio-8001-exec-36] org.apache.catalina.core.ApplicationContext.log Manager: undeploy: Undeploying web application at '/tasks'
08-Jul-2020 08:50:15.748 INFORMAÇÕES [http-nio-8001-exec-62] org.apache.catalina.core.ApplicationContext.log Manager: deploy: Deploying web application '/tasks'
08-Jul-2020 08:50:15.748 INFORMAÇÕES [http-nio-8001-exec-62] org.apache.catalina.core.ApplicationContext.log Manager: Uploading WAR file to /Volumes/ROBERTO-CD1/Dev/udemy.com/integracao-continua-jenkins/devops/apache-tomcat-9.0.36/webapps/tasks.war
08-Jul-2020 08:50:43.538 INFORMAÇÕES [http-nio-8001-exec-61] org.apache.catalina.core.ApplicationContext.log Manager: list: Listing contexts for virtual host 'localhost'
08-Jul-2020 08:50:43.540 INFORMAÇÕES [http-nio-8001-exec-33] org.apache.catalina.core.ApplicationContext.log Manager: list: Listing contexts for virtual host 'localhost'
08-Jul-2020 08:50:43.543 INFORMAÇÕES [http-nio-8001-exec-59] org.apache.catalina.core.ApplicationContext.log Manager: undeploy: Undeploying web application at '/tasks-backend'
08-Jul-2020 08:50:44.152 INFORMAÇÕES [http-nio-8001-exec-65] org.apache.catalina.core.ApplicationContext.log Manager: deploy: Deploying web application '/tasks-backend'
08-Jul-2020 08:50:44.152 INFORMAÇÕES [http-nio-8001-exec-65] org.apache.catalina.core.ApplicationContext.log Manager: Uploading WAR file to /Volumes/ROBERTO-CD1/Dev/udemy.com/integracao-continua-jenkins/devops/apache-tomcat-9.0.36/webapps/tasks-backend.war
08-Jul-2020 08:51:23.723 INFORMAÇÕES [http-nio-8001-exec-64] org.apache.catalina.core.ApplicationContext.log Manager: list: Listing contexts for virtual host 'localhost'
08-Jul-2020 08:51:23.726 INFORMAÇÕES [http-nio-8001-exec-33] org.apache.catalina.core.ApplicationContext.log Manager: list: Listing contexts for virtual host 'localhost'
08-Jul-2020 08:51:23.728 INFORMAÇÕES [http-nio-8001-exec-30] org.apache.catalina.core.ApplicationContext.log Manager: undeploy: Undeploying web application at '/tasks'
08-Jul-2020 08:51:24.314 INFORMAÇÕES [http-nio-8001-exec-68] org.apache.catalina.core.ApplicationContext.log Manager: deploy: Deploying web application '/tasks'
08-Jul-2020 08:51:24.314 INFORMAÇÕES [http-nio-8001-exec-68] org.apache.catalina.core.ApplicationContext.log Manager: Uploading WAR file to /Volumes/ROBERTO-CD1/Dev/udemy.com/integracao-continua-jenkins/devops/apache-tomcat-9.0.36/webapps/tasks.war
08-Jul-2020 08:51:58.027 INFORMAÇÕES [http-nio-8001-exec-67] org.apache.catalina.core.ApplicationContext.log Manager: list: Listing contexts for virtual host 'localhost'
08-Jul-2020 08:51:58.030 INFORMAÇÕES [http-nio-8001-exec-33] org.apache.catalina.core.ApplicationContext.log Manager: list: Listing contexts for virtual host 'localhost'
08-Jul-2020 08:51:58.032 INFORMAÇÕES [http-nio-8001-exec-66] org.apache.catalina.core.ApplicationContext.log Manager: undeploy: Undeploying web application at '/tasks-backend'
08-Jul-2020 08:51:58.645 INFORMAÇÕES [http-nio-8001-exec-71] org.apache.catalina.core.ApplicationContext.log Manager: deploy: Deploying web application '/tasks-backend'
08-Jul-2020 08:51:58.645 INFORMAÇÕES [http-nio-8001-exec-71] org.apache.catalina.core.ApplicationContext.log Manager: Uploading WAR file to /Volumes/ROBERTO-CD1/Dev/udemy.com/integracao-continua-jenkins/devops/apache-tomcat-9.0.36/webapps/tasks-backend.war
08-Jul-2020 08:52:32.527 INFORMAÇÕES [http-nio-8001-exec-30] org.apache.catalina.core.ApplicationContext.log Manager: list: Listing contexts for virtual host 'localhost'
08-Jul-2020 08:52:32.529 INFORMAÇÕES [http-nio-8001-exec-33] org.apache.catalina.core.ApplicationContext.log Manager: list: Listing contexts for virtual host 'localhost'
08-Jul-2020 08:52:32.531 INFORMAÇÕES [http-nio-8001-exec-36] org.apache.catalina.core.ApplicationContext.log Manager: undeploy: Undeploying web application at '/tasks'
08-Jul-2020 08:52:33.105 INFORMAÇÕES [http-nio-8001-exec-70] org.apache.catalina.core.ApplicationContext.log Manager: deploy: Deploying web application '/tasks'
08-Jul-2020 08:52:33.105 INFORMAÇÕES [http-nio-8001-exec-70] org.apache.catalina.core.ApplicationContext.log Manager: Uploading WAR file to /Volumes/ROBERTO-CD1/Dev/udemy.com/integracao-continua-jenkins/devops/apache-tomcat-9.0.36/webapps/tasks.war
08-Jul-2020 08:53:04.141 INFORMAÇÕES [http-nio-8001-exec-73] org.apache.catalina.core.ApplicationContext.log Manager: list: Listing contexts for virtual host 'localhost'
08-Jul-2020 08:53:04.143 INFORMAÇÕES [http-nio-8001-exec-72] org.apache.catalina.core.ApplicationContext.log Manager: list: Listing contexts for virtual host 'localhost'
08-Jul-2020 08:53:04.145 INFORMAÇÕES [http-nio-8001-exec-33] org.apache.catalina.core.ApplicationContext.log Manager: undeploy: Undeploying web application at '/tasks-backend'
08-Jul-2020 08:53:04.750 INFORMAÇÕES [http-nio-8001-exec-74] org.apache.catalina.core.ApplicationContext.log Manager: deploy: Deploying web application '/tasks-backend'
08-Jul-2020 08:53:04.750 INFORMAÇÕES [http-nio-8001-exec-74] org.apache.catalina.core.ApplicationContext.log Manager: Uploading WAR file to /Volumes/ROBERTO-CD1/Dev/udemy.com/integracao-continua-jenkins/devops/apache-tomcat-9.0.36/webapps/tasks-backend.war
08-Jul-2020 08:53:51.760 INFORMAÇÕES [http-nio-8001-exec-73] org.apache.catalina.core.ApplicationContext.log Manager: list: Listing contexts for virtual host 'localhost'
08-Jul-2020 08:53:51.762 INFORMAÇÕES [http-nio-8001-exec-72] org.apache.catalina.core.ApplicationContext.log Manager: list: Listing contexts for virtual host 'localhost'
08-Jul-2020 08:53:51.764 INFORMAÇÕES [http-nio-8001-exec-75] org.apache.catalina.core.ApplicationContext.log Manager: undeploy: Undeploying web application at '/tasks'
08-Jul-2020 08:53:52.328 INFORMAÇÕES [http-nio-8001-exec-78] org.apache.catalina.core.ApplicationContext.log Manager: deploy: Deploying web application '/tasks'
08-Jul-2020 08:53:52.328 INFORMAÇÕES [http-nio-8001-exec-78] org.apache.catalina.core.ApplicationContext.log Manager: Uploading WAR file to /Volumes/ROBERTO-CD1/Dev/udemy.com/integracao-continua-jenkins/devops/apache-tomcat-9.0.36/webapps/tasks.war
08-Jul-2020 08:54:21.163 INFORMAÇÕES [http-nio-8001-exec-72] org.apache.catalina.core.ApplicationContext.log Manager: list: Listing contexts for virtual host 'localhost'
08-Jul-2020 08:54:21.165 INFORMAÇÕES [http-nio-8001-exec-39] org.apache.catalina.core.ApplicationContext.log Manager: list: Listing contexts for virtual host 'localhost'
08-Jul-2020 08:54:21.166 INFORMAÇÕES [http-nio-8001-exec-36] org.apache.catalina.core.ApplicationContext.log Manager: undeploy: Undeploying web application at '/tasks-backend'
08-Jul-2020 08:54:21.767 INFORMAÇÕES [http-nio-8001-exec-79] org.apache.catalina.core.ApplicationContext.log Manager: deploy: Deploying web application '/tasks-backend'
08-Jul-2020 08:54:21.767 INFORMAÇÕES [http-nio-8001-exec-79] org.apache.catalina.core.ApplicationContext.log Manager: Uploading WAR file to /Volumes/ROBERTO-CD1/Dev/udemy.com/integracao-continua-jenkins/devops/apache-tomcat-9.0.36/webapps/tasks-backend.war
08-Jul-2020 08:55:01.645 INFORMAÇÕES [http-nio-8001-exec-39] org.apache.catalina.core.ApplicationContext.log Manager: list: Listing contexts for virtual host 'localhost'
08-Jul-2020 08:55:01.648 INFORMAÇÕES [http-nio-8001-exec-80] org.apache.catalina.core.ApplicationContext.log Manager: list: Listing contexts for virtual host 'localhost'
08-Jul-2020 08:55:01.651 INFORMAÇÕES [http-nio-8001-exec-81] org.apache.catalina.core.ApplicationContext.log Manager: undeploy: Undeploying web application at '/tasks'
08-Jul-2020 08:55:02.254 INFORMAÇÕES [http-nio-8001-exec-84] org.apache.catalina.core.ApplicationContext.log Manager: deploy: Deploying web application '/tasks'
08-Jul-2020 08:55:02.255 INFORMAÇÕES [http-nio-8001-exec-84] org.apache.catalina.core.ApplicationContext.log Manager: Uploading WAR file to /Volumes/ROBERTO-CD1/Dev/udemy.com/integracao-continua-jenkins/devops/apache-tomcat-9.0.36/webapps/tasks.war
08-Jul-2020 08:55:37.482 INFORMAÇÕES [http-nio-8001-exec-83] org.apache.catalina.core.ApplicationContext.log Manager: list: Listing contexts for virtual host 'localhost'
08-Jul-2020 08:55:37.486 INFORMAÇÕES [http-nio-8001-exec-80] org.apache.catalina.core.ApplicationContext.log Manager: list: Listing contexts for virtual host 'localhost'
08-Jul-2020 08:55:37.488 INFORMAÇÕES [http-nio-8001-exec-44] org.apache.catalina.core.ApplicationContext.log Manager: undeploy: Undeploying web application at '/tasks-backend'
08-Jul-2020 08:55:38.122 INFORMAÇÕES [http-nio-8001-exec-85] org.apache.catalina.core.ApplicationContext.log Manager: deploy: Deploying web application '/tasks-backend'
08-Jul-2020 08:55:38.123 INFORMAÇÕES [http-nio-8001-exec-85] org.apache.catalina.core.ApplicationContext.log Manager: Uploading WAR file to /Volumes/ROBERTO-CD1/Dev/udemy.com/integracao-continua-jenkins/devops/apache-tomcat-9.0.36/webapps/tasks-backend.war
08-Jul-2020 08:56:12.793 INFORMAÇÕES [http-nio-8001-exec-81] org.apache.catalina.core.ApplicationContext.log Manager: list: Listing contexts for virtual host 'localhost'
08-Jul-2020 08:56:12.795 INFORMAÇÕES [http-nio-8001-exec-86] org.apache.catalina.core.ApplicationContext.log Manager: list: Listing contexts for virtual host 'localhost'
08-Jul-2020 08:56:12.801 INFORMAÇÕES [http-nio-8001-exec-80] org.apache.catalina.core.ApplicationContext.log Manager: undeploy: Undeploying web application at '/tasks'
08-Jul-2020 08:56:13.408 INFORMAÇÕES [http-nio-8001-exec-89] org.apache.catalina.core.ApplicationContext.log Manager: deploy: Deploying web application '/tasks'
08-Jul-2020 08:56:13.409 INFORMAÇÕES [http-nio-8001-exec-89] org.apache.catalina.core.ApplicationContext.log Manager: Uploading WAR file to /Volumes/ROBERTO-CD1/Dev/udemy.com/integracao-continua-jenkins/devops/apache-tomcat-9.0.36/webapps/tasks.war
08-Jul-2020 08:56:42.121 INFORMAÇÕES [http-nio-8001-exec-88] org.apache.catalina.core.ApplicationContext.log Manager: list: Listing contexts for virtual host 'localhost'
08-Jul-2020 08:56:42.122 INFORMAÇÕES [http-nio-8001-exec-91] org.apache.catalina.core.ApplicationContext.log Manager: list: Listing contexts for virtual host 'localhost'
08-Jul-2020 08:56:42.124 INFORMAÇÕES [http-nio-8001-exec-87] org.apache.catalina.core.ApplicationContext.log Manager: undeploy: Undeploying web application at '/tasks-backend'
08-Jul-2020 08:56:42.716 INFORMAÇÕES [http-nio-8001-exec-86] org.apache.catalina.core.ApplicationContext.log Manager: deploy: Deploying web application '/tasks-backend'
08-Jul-2020 08:56:42.716 INFORMAÇÕES [http-nio-8001-exec-86] org.apache.catalina.core.ApplicationContext.log Manager: Uploading WAR file to /Volumes/ROBERTO-CD1/Dev/udemy.com/integracao-continua-jenkins/devops/apache-tomcat-9.0.36/webapps/tasks-backend.war
08-Jul-2020 08:57:17.833 INFORMAÇÕES [http-nio-8001-exec-91] org.apache.catalina.core.ApplicationContext.log Manager: list: Listing contexts for virtual host 'localhost'
08-Jul-2020 08:57:17.835 INFORMAÇÕES [http-nio-8001-exec-80] org.apache.catalina.core.ApplicationContext.log Manager: list: Listing contexts for virtual host 'localhost'
08-Jul-2020 08:57:17.837 INFORMAÇÕES [http-nio-8001-exec-36] org.apache.catalina.core.ApplicationContext.log Manager: undeploy: Undeploying web application at '/tasks'
08-Jul-2020 08:57:18.440 INFORMAÇÕES [http-nio-8001-exec-94] org.apache.catalina.core.ApplicationContext.log Manager: deploy: Deploying web application '/tasks'
08-Jul-2020 08:57:18.440 INFORMAÇÕES [http-nio-8001-exec-94] org.apache.catalina.core.ApplicationContext.log Manager: Uploading WAR file to /Volumes/ROBERTO-CD1/Dev/udemy.com/integracao-continua-jenkins/devops/apache-tomcat-9.0.36/webapps/tasks.war
08-Jul-2020 08:57:46.526 INFORMAÇÕES [http-nio-8001-exec-80] org.apache.catalina.core.ApplicationContext.log Manager: list: Listing contexts for virtual host 'localhost'
08-Jul-2020 08:57:46.528 INFORMAÇÕES [http-nio-8001-exec-87] org.apache.catalina.core.ApplicationContext.log Manager: list: Listing contexts for virtual host 'localhost'
08-Jul-2020 08:57:46.530 INFORMAÇÕES [http-nio-8001-exec-92] org.apache.catalina.core.ApplicationContext.log Manager: undeploy: Undeploying web application at '/tasks-backend'
08-Jul-2020 08:57:47.116 INFORMAÇÕES [http-nio-8001-exec-87] org.apache.catalina.core.ApplicationContext.log Manager: deploy: Deploying web application '/tasks-backend'
08-Jul-2020 08:57:47.116 INFORMAÇÕES [http-nio-8001-exec-87] org.apache.catalina.core.ApplicationContext.log Manager: Uploading WAR file to /Volumes/ROBERTO-CD1/Dev/udemy.com/integracao-continua-jenkins/devops/apache-tomcat-9.0.36/webapps/tasks-backend.war
08-Jul-2020 08:58:18.666 INFORMAÇÕES [http-nio-8001-exec-93] org.apache.catalina.core.ApplicationContext.log Manager: list: Listing contexts for virtual host 'localhost'
08-Jul-2020 08:58:18.668 INFORMAÇÕES [http-nio-8001-exec-94] org.apache.catalina.core.ApplicationContext.log Manager: list: Listing contexts for virtual host 'localhost'
08-Jul-2020 08:58:18.669 INFORMAÇÕES [http-nio-8001-exec-95] org.apache.catalina.core.ApplicationContext.log Manager: undeploy: Undeploying web application at '/tasks'
08-Jul-2020 08:58:19.240 INFORMAÇÕES [http-nio-8001-exec-92] org.apache.catalina.core.ApplicationContext.log Manager: deploy: Deploying web application '/tasks'
08-Jul-2020 08:58:19.241 INFORMAÇÕES [http-nio-8001-exec-92] org.apache.catalina.core.ApplicationContext.log Manager: Uploading WAR file to /Volumes/ROBERTO-CD1/Dev/udemy.com/integracao-continua-jenkins/devops/apache-tomcat-9.0.36/webapps/tasks.war
08-Jul-2020 08:58:40.971 INFORMAÇÕES [http-nio-8001-exec-94] org.apache.catalina.core.ApplicationContext.log Manager: list: Listing contexts for virtual host 'localhost'
08-Jul-2020 08:58:40.972 INFORMAÇÕES [http-nio-8001-exec-96] org.apache.catalina.core.ApplicationContext.log Manager: list: Listing contexts for virtual host 'localhost'
08-Jul-2020 08:58:40.973 INFORMAÇÕES [http-nio-8001-exec-97] org.apache.catalina.core.ApplicationContext.log Manager: undeploy: Undeploying web application at '/tasks-backend'
08-Jul-2020 08:58:41.566 INFORMAÇÕES [http-nio-8001-exec-98] org.apache.catalina.core.ApplicationContext.log Manager: deploy: Deploying web application '/tasks-backend'
08-Jul-2020 08:58:41.567 INFORMAÇÕES [http-nio-8001-exec-98] org.apache.catalina.core.ApplicationContext.log Manager: Uploading WAR file to /Volumes/ROBERTO-CD1/Dev/udemy.com/integracao-continua-jenkins/devops/apache-tomcat-9.0.36/webapps/tasks-backend.war
08-Jul-2020 08:59:11.916 INFORMAÇÕES [http-nio-8001-exec-96] org.apache.catalina.core.ApplicationContext.log Manager: list: Listing contexts for virtual host 'localhost'
08-Jul-2020 08:59:11.918 INFORMAÇÕES [http-nio-8001-exec-99] org.apache.catalina.core.ApplicationContext.log Manager: list: Listing contexts for virtual host 'localhost'
08-Jul-2020 08:59:11.919 INFORMAÇÕES [http-nio-8001-exec-95] org.apache.catalina.core.ApplicationContext.log Manager: undeploy: Undeploying web application at '/tasks'
08-Jul-2020 08:59:12.487 INFORMAÇÕES [http-nio-8001-exec-100] org.apache.catalina.core.ApplicationContext.log Manager: deploy: Deploying web application '/tasks'
08-Jul-2020 08:59:12.488 INFORMAÇÕES [http-nio-8001-exec-100] org.apache.catalina.core.ApplicationContext.log Manager: Uploading WAR file to /Volumes/ROBERTO-CD1/Dev/udemy.com/integracao-continua-jenkins/devops/apache-tomcat-9.0.36/webapps/tasks.war
08-Jul-2020 08:59:37.396 INFORMAÇÕES [http-nio-8001-exec-99] org.apache.catalina.core.ApplicationContext.log Manager: list: Listing contexts for virtual host 'localhost'
08-Jul-2020 08:59:37.399 INFORMAÇÕES [http-nio-8001-exec-91] org.apache.catalina.core.ApplicationContext.log Manager: list: Listing contexts for virtual host 'localhost'
08-Jul-2020 08:59:37.401 INFORMAÇÕES [http-nio-8001-exec-97] org.apache.catalina.core.ApplicationContext.log Manager: undeploy: Undeploying web application at '/tasks-backend'
08-Jul-2020 08:59:38.020 INFORMAÇÕES [http-nio-8001-exec-103] org.apache.catalina.core.ApplicationContext.log Manager: deploy: Deploying web application '/tasks-backend'
08-Jul-2020 08:59:38.020 INFORMAÇÕES [http-nio-8001-exec-103] org.apache.catalina.core.ApplicationContext.log Manager: Uploading WAR file to /Volumes/ROBERTO-CD1/Dev/udemy.com/integracao-continua-jenkins/devops/apache-tomcat-9.0.36/webapps/tasks-backend.war
08-Jul-2020 09:00:12.686 INFORMAÇÕES [http-nio-8001-exec-95] org.apache.catalina.core.ApplicationContext.log Manager: list: Listing contexts for virtual host 'localhost'
08-Jul-2020 09:00:12.688 INFORMAÇÕES [http-nio-8001-exec-101] org.apache.catalina.core.ApplicationContext.log Manager: list: Listing contexts for virtual host 'localhost'
08-Jul-2020 09:00:12.689 INFORMAÇÕES [http-nio-8001-exec-44] org.apache.catalina.core.ApplicationContext.log Manager: undeploy: Undeploying web application at '/tasks'
08-Jul-2020 09:00:13.261 INFORMAÇÕES [http-nio-8001-exec-97] org.apache.catalina.core.ApplicationContext.log Manager: deploy: Deploying web application '/tasks'
08-Jul-2020 09:00:13.261 INFORMAÇÕES [http-nio-8001-exec-97] org.apache.catalina.core.ApplicationContext.log Manager: Uploading WAR file to /Volumes/ROBERTO-CD1/Dev/udemy.com/integracao-continua-jenkins/devops/apache-tomcat-9.0.36/webapps/tasks.war
08-Jul-2020 09:00:35.536 INFORMAÇÕES [http-nio-8001-exec-105] org.apache.catalina.core.ApplicationContext.log Manager: list: Listing contexts for virtual host 'localhost'
08-Jul-2020 09:00:35.537 INFORMAÇÕES [http-nio-8001-exec-91] org.apache.catalina.core.ApplicationContext.log Manager: list: Listing contexts for virtual host 'localhost'
08-Jul-2020 09:00:35.539 INFORMAÇÕES [http-nio-8001-exec-101] org.apache.catalina.core.ApplicationContext.log Manager: undeploy: Undeploying web application at '/tasks-backend'
08-Jul-2020 09:00:36.127 INFORMAÇÕES [http-nio-8001-exec-107] org.apache.catalina.core.ApplicationContext.log Manager: deploy: Deploying web application '/tasks-backend'
08-Jul-2020 09:00:36.127 INFORMAÇÕES [http-nio-8001-exec-107] org.apache.catalina.core.ApplicationContext.log Manager: Uploading WAR file to /Volumes/ROBERTO-CD1/Dev/udemy.com/integracao-continua-jenkins/devops/apache-tomcat-9.0.36/webapps/tasks-backend.war
08-Jul-2020 09:01:05.756 INFORMAÇÕES [http-nio-8001-exec-106] org.apache.catalina.core.ApplicationContext.log Manager: list: Listing contexts for virtual host 'localhost'
08-Jul-2020 09:01:05.757 INFORMAÇÕES [http-nio-8001-exec-91] org.apache.catalina.core.ApplicationContext.log Manager: list: Listing contexts for virtual host 'localhost'
08-Jul-2020 09:01:05.759 INFORMAÇÕES [http-nio-8001-exec-44] org.apache.catalina.core.ApplicationContext.log Manager: undeploy: Undeploying web application at '/tasks'
08-Jul-2020 09:01:06.331 INFORMAÇÕES [http-nio-8001-exec-108] org.apache.catalina.core.ApplicationContext.log Manager: deploy: Deploying web application '/tasks'
08-Jul-2020 09:01:06.331 INFORMAÇÕES [http-nio-8001-exec-108] org.apache.catalina.core.ApplicationContext.log Manager: Uploading WAR file to /Volumes/ROBERTO-CD1/Dev/udemy.com/integracao-continua-jenkins/devops/apache-tomcat-9.0.36/webapps/tasks.war
08-Jul-2020 09:01:41.272 INFORMAÇÕES [http-nio-8001-exec-91] org.apache.catalina.core.ApplicationContext.log Manager: list: Listing contexts for virtual host 'localhost'
08-Jul-2020 09:01:41.280 INFORMAÇÕES [http-nio-8001-exec-101] org.apache.catalina.core.ApplicationContext.log Manager: list: Listing contexts for virtual host 'localhost'
08-Jul-2020 09:01:41.283 INFORMAÇÕES [http-nio-8001-exec-104] org.apache.catalina.core.ApplicationContext.log Manager: undeploy: Undeploying web application at '/tasks-backend'
08-Jul-2020 09:01:41.962 INFORMAÇÕES [http-nio-8001-exec-104] org.apache.catalina.core.ApplicationContext.log Manager: deploy: Deploying web application '/tasks-backend'
08-Jul-2020 09:01:41.962 INFORMAÇÕES [http-nio-8001-exec-104] org.apache.catalina.core.ApplicationContext.log Manager: Uploading WAR file to /Volumes/ROBERTO-CD1/Dev/udemy.com/integracao-continua-jenkins/devops/apache-tomcat-9.0.36/webapps/tasks-backend.war
08-Jul-2020 09:02:31.413 INFORMAÇÕES [http-nio-8001-exec-111] org.apache.catalina.core.ApplicationContext.log Manager: list: Listing contexts for virtual host 'localhost'
08-Jul-2020 09:02:31.415 INFORMAÇÕES [http-nio-8001-exec-112] org.apache.catalina.core.ApplicationContext.log Manager: list: Listing contexts for virtual host 'localhost'
08-Jul-2020 09:02:31.417 INFORMAÇÕES [http-nio-8001-exec-101] org.apache.catalina.core.ApplicationContext.log Manager: undeploy: Undeploying web application at '/tasks'
08-Jul-2020 09:02:31.991 INFORMAÇÕES [http-nio-8001-exec-114] org.apache.catalina.core.ApplicationContext.log Manager: deploy: Deploying web application '/tasks'
08-Jul-2020 09:02:31.992 INFORMAÇÕES [http-nio-8001-exec-114] org.apache.catalina.core.ApplicationContext.log Manager: Uploading WAR file to /Volumes/ROBERTO-CD1/Dev/udemy.com/integracao-continua-jenkins/devops/apache-tomcat-9.0.36/webapps/tasks.war
08-Jul-2020 09:03:02.414 INFORMAÇÕES [http-nio-8001-exec-110] org.apache.catalina.core.ApplicationContext.log Manager: list: Listing contexts for virtual host 'localhost'
08-Jul-2020 09:03:02.417 INFORMAÇÕES [http-nio-8001-exec-44] org.apache.catalina.core.ApplicationContext.log Manager: list: Listing contexts for virtual host 'localhost'
08-Jul-2020 09:03:02.419 INFORMAÇÕES [http-nio-8001-exec-54] org.apache.catalina.core.ApplicationContext.log Manager: undeploy: Undeploying web application at '/tasks-backend'
08-Jul-2020 09:03:03.013 INFORMAÇÕES [http-nio-8001-exec-117] org.apache.catalina.core.ApplicationContext.log Manager: deploy: Deploying web application '/tasks-backend'
08-Jul-2020 09:03:03.013 INFORMAÇÕES [http-nio-8001-exec-117] org.apache.catalina.core.ApplicationContext.log Manager: Uploading WAR file to /Volumes/ROBERTO-CD1/Dev/udemy.com/integracao-continua-jenkins/devops/apache-tomcat-9.0.36/webapps/tasks-backend.war
08-Jul-2020 09:03:47.467 INFORMAÇÕES [http-nio-8001-exec-115] org.apache.catalina.core.ApplicationContext.log Manager: list: Listing contexts for virtual host 'localhost'
08-Jul-2020 09:03:47.469 INFORMAÇÕES [http-nio-8001-exec-119] org.apache.catalina.core.ApplicationContext.log Manager: list: Listing contexts for virtual host 'localhost'
08-Jul-2020 09:03:47.471 INFORMAÇÕES [http-nio-8001-exec-101] org.apache.catalina.core.ApplicationContext.log Manager: undeploy: Undeploying web application at '/tasks'
08-Jul-2020 09:03:48.042 INFORMAÇÕES [http-nio-8001-exec-119] org.apache.catalina.core.ApplicationContext.log Manager: deploy: Deploying web application '/tasks'
08-Jul-2020 09:03:48.042 INFORMAÇÕES [http-nio-8001-exec-119] org.apache.catalina.core.ApplicationContext.log Manager: Uploading WAR file to /Volumes/ROBERTO-CD1/Dev/udemy.com/integracao-continua-jenkins/devops/apache-tomcat-9.0.36/webapps/tasks.war
08-Jul-2020 09:04:11.944 INFORMAÇÕES [http-nio-8001-exec-112] org.apache.catalina.core.ApplicationContext.log Manager: list: Listing contexts for virtual host 'localhost'
08-Jul-2020 09:04:11.945 INFORMAÇÕES [http-nio-8001-exec-118] org.apache.catalina.core.ApplicationContext.log Manager: list: Listing contexts for virtual host 'localhost'
08-Jul-2020 09:04:11.946 INFORMAÇÕES [http-nio-8001-exec-116] org.apache.catalina.core.ApplicationContext.log Manager: undeploy: Undeploying web application at '/tasks-backend'
08-Jul-2020 09:04:12.547 INFORMAÇÕES [http-nio-8001-exec-120] org.apache.catalina.core.ApplicationContext.log Manager: deploy: Deploying web application '/tasks-backend'
08-Jul-2020 09:04:12.547 INFORMAÇÕES [http-nio-8001-exec-120] org.apache.catalina.core.ApplicationContext.log Manager: Uploading WAR file to /Volumes/ROBERTO-CD1/Dev/udemy.com/integracao-continua-jenkins/devops/apache-tomcat-9.0.36/webapps/tasks-backend.war
08-Jul-2020 09:04:41.027 INFORMAÇÕES [http-nio-8001-exec-118] org.apache.catalina.core.ApplicationContext.log Manager: list: Listing contexts for virtual host 'localhost'
08-Jul-2020 09:04:41.029 INFORMAÇÕES [http-nio-8001-exec-101] org.apache.catalina.core.ApplicationContext.log Manager: list: Listing contexts for virtual host 'localhost'
08-Jul-2020 09:04:41.030 INFORMAÇÕES [http-nio-8001-exec-44] org.apache.catalina.core.ApplicationContext.log Manager: undeploy: Undeploying web application at '/tasks'
08-Jul-2020 09:04:41.617 INFORMAÇÕES [http-nio-8001-exec-123] org.apache.catalina.core.ApplicationContext.log Manager: deploy: Deploying web application '/tasks'
08-Jul-2020 09:04:41.617 INFORMAÇÕES [http-nio-8001-exec-123] org.apache.catalina.core.ApplicationContext.log Manager: Uploading WAR file to /Volumes/ROBERTO-CD1/Dev/udemy.com/integracao-continua-jenkins/devops/apache-tomcat-9.0.36/webapps/tasks.war
08-Jul-2020 09:05:06.950 INFORMAÇÕES [http-nio-8001-exec-116] org.apache.catalina.core.ApplicationContext.log Manager: list: Listing contexts for virtual host 'localhost'
08-Jul-2020 09:05:06.951 INFORMAÇÕES [http-nio-8001-exec-122] org.apache.catalina.core.ApplicationContext.log Manager: list: Listing contexts for virtual host 'localhost'
08-Jul-2020 09:05:06.953 INFORMAÇÕES [http-nio-8001-exec-101] org.apache.catalina.core.ApplicationContext.log Manager: undeploy: Undeploying web application at '/tasks-backend'
08-Jul-2020 09:05:07.574 INFORMAÇÕES [http-nio-8001-exec-122] org.apache.catalina.core.ApplicationContext.log Manager: deploy: Deploying web application '/tasks-backend'
08-Jul-2020 09:05:07.574 INFORMAÇÕES [http-nio-8001-exec-122] org.apache.catalina.core.ApplicationContext.log Manager: Uploading WAR file to /Volumes/ROBERTO-CD1/Dev/udemy.com/integracao-continua-jenkins/devops/apache-tomcat-9.0.36/webapps/tasks-backend.war
08-Jul-2020 09:05:37.762 INFORMAÇÕES [http-nio-8001-exec-124] org.apache.catalina.core.ApplicationContext.log Manager: list: Listing contexts for virtual host 'localhost'
08-Jul-2020 09:05:37.764 INFORMAÇÕES [http-nio-8001-exec-125] org.apache.catalina.core.ApplicationContext.log Manager: list: Listing contexts for virtual host 'localhost'
08-Jul-2020 09:05:37.765 INFORMAÇÕES [http-nio-8001-exec-44] org.apache.catalina.core.ApplicationContext.log Manager: undeploy: Undeploying web application at '/tasks'
08-Jul-2020 09:05:38.359 INFORMAÇÕES [http-nio-8001-exec-127] org.apache.catalina.core.ApplicationContext.log Manager: deploy: Deploying web application '/tasks'
08-Jul-2020 09:05:38.360 INFORMAÇÕES [http-nio-8001-exec-127] org.apache.catalina.core.ApplicationContext.log Manager: Uploading WAR file to /Volumes/ROBERTO-CD1/Dev/udemy.com/integracao-continua-jenkins/devops/apache-tomcat-9.0.36/webapps/tasks.war
08-Jul-2020 09:06:03.479 INFORMAÇÕES [434] org.apache.catalina.core.ApplicationContext.log Manager: list: Listing contexts for virtual host 'localhost'
08-Jul-2020 09:06:03.486 INFORMAÇÕES [http-nio-8001-exec-54] org.apache.catalina.core.ApplicationContext.log Manager: list: Listing contexts for virtual host 'localhost'
08-Jul-2020 09:06:03.488 INFORMAÇÕES [http-nio-8001-exec-126] org.apache.catalina.core.ApplicationContext.log Manager: undeploy: Undeploying web application at '/tasks-backend'
08-Jul-2020 09:06:04.130 INFORMAÇÕES [http-nio-8001-exec-128] org.apache.catalina.core.ApplicationContext.log Manager: deploy: Deploying web application '/tasks-backend'
08-Jul-2020 09:06:04.130 INFORMAÇÕES [http-nio-8001-exec-128] org.apache.catalina.core.ApplicationContext.log Manager: Uploading WAR file to /Volumes/ROBERTO-CD1/Dev/udemy.com/integracao-continua-jenkins/devops/apache-tomcat-9.0.36/webapps/tasks-backend.war
08-Jul-2020 09:06:49.041 INFORMAÇÕES [http-nio-8001-exec-101] org.apache.catalina.core.ApplicationContext.log Manager: list: Listing contexts for virtual host 'localhost'
08-Jul-2020 09:06:49.042 INFORMAÇÕES [http-nio-8001-exec-44] org.apache.catalina.core.ApplicationContext.log Manager: list: Listing contexts for virtual host 'localhost'
08-Jul-2020 09:06:49.043 INFORMAÇÕES [http-nio-8001-exec-54] org.apache.catalina.core.ApplicationContext.log Manager: undeploy: Undeploying web application at '/tasks'
08-Jul-2020 09:06:49.637 INFORMAÇÕES [http-nio-8001-exec-131] org.apache.catalina.core.ApplicationContext.log Manager: deploy: Deploying web application '/tasks'
08-Jul-2020 09:06:49.637 INFORMAÇÕES [http-nio-8001-exec-131] org.apache.catalina.core.ApplicationContext.log Manager: Uploading WAR file to /Volumes/ROBERTO-CD1/Dev/udemy.com/integracao-continua-jenkins/devops/apache-tomcat-9.0.36/webapps/tasks.war
08-Jul-2020 09:07:17.699 INFORMAÇÕES [http-nio-8001-exec-126] org.apache.catalina.core.ApplicationContext.log Manager: list: Listing contexts for virtual host 'localhost'
08-Jul-2020 09:07:17.701 INFORMAÇÕES [http-nio-8001-exec-69] org.apache.catalina.core.ApplicationContext.log Manager: list: Listing contexts for virtual host 'localhost'
08-Jul-2020 09:07:17.702 INFORMAÇÕES [http-nio-8001-exec-76] org.apache.catalina.core.ApplicationContext.log Manager: undeploy: Undeploying web application at '/tasks-backend'
08-Jul-2020 09:07:18.289 INFORMAÇÕES [http-nio-8001-exec-101] org.apache.catalina.core.ApplicationContext.log Manager: deploy: Deploying web application '/tasks-backend'
08-Jul-2020 09:07:18.290 INFORMAÇÕES [http-nio-8001-exec-101] org.apache.catalina.core.ApplicationContext.log Manager: Uploading WAR file to /Volumes/ROBERTO-CD1/Dev/udemy.com/integracao-continua-jenkins/devops/apache-tomcat-9.0.36/webapps/tasks-backend.war
08-Jul-2020 09:07:59.356 INFORMAÇÕES [http-nio-8001-exec-133] org.apache.catalina.core.ApplicationContext.log Manager: list: Listing contexts for virtual host 'localhost'
08-Jul-2020 09:07:59.358 INFORMAÇÕES [http-nio-8001-exec-44] org.apache.catalina.core.ApplicationContext.log Manager: list: Listing contexts for virtual host 'localhost'
08-Jul-2020 09:07:59.359 INFORMAÇÕES [http-nio-8001-exec-69] org.apache.catalina.core.ApplicationContext.log Manager: undeploy: Undeploying web application at '/tasks'
08-Jul-2020 09:07:59.939 INFORMAÇÕES [http-nio-8001-exec-136] org.apache.catalina.core.ApplicationContext.log Manager: deploy: Deploying web application '/tasks'
08-Jul-2020 09:07:59.939 INFORMAÇÕES [http-nio-8001-exec-136] org.apache.catalina.core.ApplicationContext.log Manager: Uploading WAR file to /Volumes/ROBERTO-CD1/Dev/udemy.com/integracao-continua-jenkins/devops/apache-tomcat-9.0.36/webapps/tasks.war
08-Jul-2020 09:08:36.609 INFORMAÇÕES [http-nio-8001-exec-134] org.apache.catalina.core.ApplicationContext.log Manager: list: Listing contexts for virtual host 'localhost'
08-Jul-2020 09:08:36.611 INFORMAÇÕES [http-nio-8001-exec-137] org.apache.catalina.core.ApplicationContext.log Manager: list: Listing contexts for virtual host 'localhost'
08-Jul-2020 09:08:36.612 INFORMAÇÕES [http-nio-8001-exec-44] org.apache.catalina.core.ApplicationContext.log Manager: undeploy: Undeploying web application at '/tasks-backend'
08-Jul-2020 09:08:37.193 INFORMAÇÕES [http-nio-8001-exec-137] org.apache.catalina.core.ApplicationContext.log Manager: deploy: Deploying web application '/tasks-backend'
08-Jul-2020 09:08:37.194 INFORMAÇÕES [http-nio-8001-exec-137] org.apache.catalina.core.ApplicationContext.log Manager: Uploading WAR file to /Volumes/ROBERTO-CD1/Dev/udemy.com/integracao-continua-jenkins/devops/apache-tomcat-9.0.36/webapps/tasks-backend.war
08-Jul-2020 09:09:08.253 INFORMAÇÕES [http-nio-8001-exec-139] org.apache.catalina.core.ApplicationContext.log Manager: list: Listing contexts for virtual host 'localhost'
08-Jul-2020 09:09:08.255 INFORMAÇÕES [http-nio-8001-exec-140] org.apache.catalina.core.ApplicationContext.log Manager: list: Listing contexts for virtual host 'localhost'
08-Jul-2020 09:09:08.256 INFORMAÇÕES [http-nio-8001-exec-76] org.apache.catalina.core.ApplicationContext.log Manager: undeploy: Undeploying web application at '/tasks'
08-Jul-2020 09:09:08.838 INFORMAÇÕES [http-nio-8001-exec-142] org.apache.catalina.core.ApplicationContext.log Manager: deploy: Deploying web application '/tasks'
08-Jul-2020 09:09:08.838 INFORMAÇÕES [http-nio-8001-exec-142] org.apache.catalina.core.ApplicationContext.log Manager: Uploading WAR file to /Volumes/ROBERTO-CD1/Dev/udemy.com/integracao-continua-jenkins/devops/apache-tomcat-9.0.36/webapps/tasks.war
08-Jul-2020 09:09:42.883 INFORMAÇÕES [http-nio-8001-exec-140] org.apache.catalina.core.ApplicationContext.log Manager: list: Listing contexts for virtual host 'localhost'
08-Jul-2020 09:09:42.885 INFORMAÇÕES [http-nio-8001-exec-145] org.apache.catalina.core.ApplicationContext.log Manager: list: Listing contexts for virtual host 'localhost'
08-Jul-2020 09:09:42.887 INFORMAÇÕES [http-nio-8001-exec-69] org.apache.catalina.core.ApplicationContext.log Manager: undeploy: Undeploying web application at '/tasks-backend'
08-Jul-2020 09:09:43.523 INFORMAÇÕES [http-nio-8001-exec-145] org.apache.catalina.core.ApplicationContext.log Manager: deploy: Deploying web application '/tasks-backend'
08-Jul-2020 09:09:43.523 INFORMAÇÕES [http-nio-8001-exec-145] org.apache.catalina.core.ApplicationContext.log Manager: Uploading WAR file to /Volumes/ROBERTO-CD1/Dev/udemy.com/integracao-continua-jenkins/devops/apache-tomcat-9.0.36/webapps/tasks-backend.war
08-Jul-2020 09:10:22.866 INFORMAÇÕES [http-nio-8001-exec-44] org.apache.catalina.core.ApplicationContext.log Manager: list: Listing contexts for virtual host 'localhost'
08-Jul-2020 09:10:22.868 INFORMAÇÕES [http-nio-8001-exec-76] org.apache.catalina.core.ApplicationContext.log Manager: list: Listing contexts for virtual host 'localhost'
08-Jul-2020 09:10:22.869 INFORMAÇÕES [http-nio-8001-exec-102] org.apache.catalina.core.ApplicationContext.log Manager: undeploy: Undeploying web application at '/tasks'
08-Jul-2020 09:10:23.452 INFORMAÇÕES [http-nio-8001-exec-147] org.apache.catalina.core.ApplicationContext.log Manager: deploy: Deploying web application '/tasks'
08-Jul-2020 09:10:23.453 INFORMAÇÕES [http-nio-8001-exec-147] org.apache.catalina.core.ApplicationContext.log Manager: Uploading WAR file to /Volumes/ROBERTO-CD1/Dev/udemy.com/integracao-continua-jenkins/devops/apache-tomcat-9.0.36/webapps/tasks.war
08-Jul-2020 09:10:53.424 INFORMAÇÕES [http-nio-8001-exec-143] org.apache.catalina.core.ApplicationContext.log Manager: list: Listing contexts for virtual host 'localhost'
08-Jul-2020 09:10:53.426 INFORMAÇÕES [http-nio-8001-exec-44] org.apache.catalina.core.ApplicationContext.log Manager: list: Listing contexts for virtual host 'localhost'
08-Jul-2020 09:10:53.428 INFORMAÇÕES [http-nio-8001-exec-69] org.apache.catalina.core.ApplicationContext.log Manager: undeploy: Undeploying web application at '/tasks-backend'
08-Jul-2020 09:10:54.075 INFORMAÇÕES [http-nio-8001-exec-149] org.apache.catalina.core.ApplicationContext.log Manager: deploy: Deploying web application '/tasks-backend'
08-Jul-2020 09:10:54.075 INFORMAÇÕES [http-nio-8001-exec-149] org.apache.catalina.core.ApplicationContext.log Manager: Uploading WAR file to /Volumes/ROBERTO-CD1/Dev/udemy.com/integracao-continua-jenkins/devops/apache-tomcat-9.0.36/webapps/tasks-backend.war
08-Jul-2020 09:11:28.330 INFORMAÇÕES [http-nio-8001-exec-44] org.apache.catalina.core.ApplicationContext.log Manager: list: Listing contexts for virtual host 'localhost'
08-Jul-2020 09:11:28.333 INFORMAÇÕES [http-nio-8001-exec-143] org.apache.catalina.core.ApplicationContext.log Manager: list: Listing contexts for virtual host 'localhost'
08-Jul-2020 09:11:28.336 INFORMAÇÕES [http-nio-8001-exec-76] org.apache.catalina.core.ApplicationContext.log Manager: undeploy: Undeploying web application at '/tasks'
08-Jul-2020 09:11:28.921 INFORMAÇÕES [http-nio-8001-exec-150] org.apache.catalina.core.ApplicationContext.log Manager: deploy: Deploying web application '/tasks'
08-Jul-2020 09:11:28.921 INFORMAÇÕES [http-nio-8001-exec-150] org.apache.catalina.core.ApplicationContext.log Manager: Uploading WAR file to /Volumes/ROBERTO-CD1/Dev/udemy.com/integracao-continua-jenkins/devops/apache-tomcat-9.0.36/webapps/tasks.war
08-Jul-2020 09:11:56.347 INFORMAÇÕES [http-nio-8001-exec-152] org.apache.catalina.core.ApplicationContext.log Manager: list: Listing contexts for virtual host 'localhost'
08-Jul-2020 09:11:56.349 INFORMAÇÕES [http-nio-8001-exec-151] org.apache.catalina.core.ApplicationContext.log Manager: list: Listing contexts for virtual host 'localhost'
08-Jul-2020 09:11:56.350 INFORMAÇÕES [http-nio-8001-exec-143] org.apache.catalina.core.ApplicationContext.log Manager: undeploy: Undeploying web application at '/tasks-backend'
08-Jul-2020 09:11:56.933 INFORMAÇÕES [http-nio-8001-exec-153] org.apache.catalina.core.ApplicationContext.log Manager: deploy: Deploying web application '/tasks-backend'
08-Jul-2020 09:11:56.933 INFORMAÇÕES [http-nio-8001-exec-153] org.apache.catalina.core.ApplicationContext.log Manager: Uploading WAR file to /Volumes/ROBERTO-CD1/Dev/udemy.com/integracao-continua-jenkins/devops/apache-tomcat-9.0.36/webapps/tasks-backend.war
08-Jul-2020 09:12:26.261 INFORMAÇÕES [http-nio-8001-exec-151] org.apache.catalina.core.ApplicationContext.log Manager: list: Listing contexts for virtual host 'localhost'
08-Jul-2020 09:12:26.263 INFORMAÇÕES [http-nio-8001-exec-154] org.apache.catalina.core.ApplicationContext.log Manager: list: Listing contexts for virtual host 'localhost'
08-Jul-2020 09:12:26.264 INFORMAÇÕES [http-nio-8001-exec-102] org.apache.catalina.core.ApplicationContext.log Manager: undeploy: Undeploying web application at '/tasks'
08-Jul-2020 09:12:26.835 INFORMAÇÕES [http-nio-8001-exec-143] org.apache.catalina.core.ApplicationContext.log Manager: deploy: Deploying web application '/tasks'
08-Jul-2020 09:12:26.835 INFORMAÇÕES [http-nio-8001-exec-143] org.apache.catalina.core.ApplicationContext.log Manager: Uploading WAR file to /Volumes/ROBERTO-CD1/Dev/udemy.com/integracao-continua-jenkins/devops/apache-tomcat-9.0.36/webapps/tasks.war
08-Jul-2020 09:12:51.461 INFORMAÇÕES [http-nio-8001-exec-154] org.apache.catalina.core.ApplicationContext.log Manager: list: Listing contexts for virtual host 'localhost'
08-Jul-2020 09:12:51.463 INFORMAÇÕES [http-nio-8001-exec-155] org.apache.catalina.core.ApplicationContext.log Manager: list: Listing contexts for virtual host 'localhost'
08-Jul-2020 09:12:51.464 INFORMAÇÕES [http-nio-8001-exec-156] org.apache.catalina.core.ApplicationContext.log Manager: undeploy: Undeploying web application at '/tasks-backend'
08-Jul-2020 09:12:52.061 INFORMAÇÕES [http-nio-8001-exec-158] org.apache.catalina.core.ApplicationContext.log Manager: deploy: Deploying web application '/tasks-backend'
08-Jul-2020 09:12:52.061 INFORMAÇÕES [http-nio-8001-exec-158] org.apache.catalina.core.ApplicationContext.log Manager: Uploading WAR file to /Volumes/ROBERTO-CD1/Dev/udemy.com/integracao-continua-jenkins/devops/apache-tomcat-9.0.36/webapps/tasks-backend.war
08-Jul-2020 09:13:21.976 INFORMAÇÕES [http-nio-8001-exec-157] org.apache.catalina.core.ApplicationContext.log Manager: list: Listing contexts for virtual host 'localhost'
08-Jul-2020 09:13:21.980 INFORMAÇÕES [http-nio-8001-exec-155] org.apache.catalina.core.ApplicationContext.log Manager: list: Listing contexts for virtual host 'localhost'
08-Jul-2020 09:13:21.982 INFORMAÇÕES [http-nio-8001-exec-76] org.apache.catalina.core.ApplicationContext.log Manager: undeploy: Undeploying web application at '/tasks'
08-Jul-2020 09:13:22.573 INFORMAÇÕES [http-nio-8001-exec-160] org.apache.catalina.core.ApplicationContext.log Manager: deploy: Deploying web application '/tasks'
08-Jul-2020 09:13:22.574 INFORMAÇÕES [http-nio-8001-exec-160] org.apache.catalina.core.ApplicationContext.log Manager: Uploading WAR file to /Volumes/ROBERTO-CD1/Dev/udemy.com/integracao-continua-jenkins/devops/apache-tomcat-9.0.36/webapps/tasks.war
08-Jul-2020 09:13:47.761 INFORMAÇÕES [http-nio-8001-exec-155] org.apache.catalina.core.ApplicationContext.log Manager: list: Listing contexts for virtual host 'localhost'
08-Jul-2020 09:13:47.762 INFORMAÇÕES [http-nio-8001-exec-159] org.apache.catalina.core.ApplicationContext.log Manager: list: Listing contexts for virtual host 'localhost'
08-Jul-2020 09:13:47.764 INFORMAÇÕES [http-nio-8001-exec-156] org.apache.catalina.core.ApplicationContext.log Manager: undeploy: Undeploying web application at '/tasks-backend'
08-Jul-2020 09:13:48.344 INFORMAÇÕES [http-nio-8001-exec-161] org.apache.catalina.core.ApplicationContext.log Manager: deploy: Deploying web application '/tasks-backend'
08-Jul-2020 09:13:48.344 INFORMAÇÕES [http-nio-8001-exec-161] org.apache.catalina.core.ApplicationContext.log Manager: Uploading WAR file to /Volumes/ROBERTO-CD1/Dev/udemy.com/integracao-continua-jenkins/devops/apache-tomcat-9.0.36/webapps/tasks-backend.war
08-Jul-2020 09:14:23.840 INFORMAÇÕES [http-nio-8001-exec-162] org.apache.catalina.core.ApplicationContext.log Manager: list: Listing contexts for virtual host 'localhost'
08-Jul-2020 09:14:23.842 INFORMAÇÕES [http-nio-8001-exec-76] org.apache.catalina.core.ApplicationContext.log Manager: list: Listing contexts for virtual host 'localhost'
08-Jul-2020 09:14:23.844 INFORMAÇÕES [http-nio-8001-exec-102] org.apache.catalina.core.ApplicationContext.log Manager: undeploy: Undeploying web application at '/tasks'
08-Jul-2020 09:14:24.450 INFORMAÇÕES [http-nio-8001-exec-162] org.apache.catalina.core.ApplicationContext.log Manager: deploy: Deploying web application '/tasks'
08-Jul-2020 09:14:24.450 INFORMAÇÕES [http-nio-8001-exec-162] org.apache.catalina.core.ApplicationContext.log Manager: Uploading WAR file to /Volumes/ROBERTO-CD1/Dev/udemy.com/integracao-continua-jenkins/devops/apache-tomcat-9.0.36/webapps/tasks.war
08-Jul-2020 09:14:53.825 INFORMAÇÕES [http-nio-8001-exec-164] org.apache.catalina.core.ApplicationContext.log Manager: list: Listing contexts for virtual host 'localhost'
08-Jul-2020 09:14:53.826 INFORMAÇÕES [http-nio-8001-exec-156] org.apache.catalina.core.ApplicationContext.log Manager: list: Listing contexts for virtual host 'localhost'
08-Jul-2020 09:14:53.828 INFORMAÇÕES [http-nio-8001-exec-76] org.apache.catalina.core.ApplicationContext.log Manager: undeploy: Undeploying web application at '/tasks-backend'
08-Jul-2020 09:14:54.467 INFORMAÇÕES [http-nio-8001-exec-165] org.apache.catalina.core.ApplicationContext.log Manager: deploy: Deploying web application '/tasks-backend'
08-Jul-2020 09:14:54.467 INFORMAÇÕES [http-nio-8001-exec-165] org.apache.catalina.core.ApplicationContext.log Manager: Uploading WAR file to /Volumes/ROBERTO-CD1/Dev/udemy.com/integracao-continua-jenkins/devops/apache-tomcat-9.0.36/webapps/tasks-backend.war
08-Jul-2020 09:15:28.105 INFORMAÇÕES [http-nio-8001-exec-166] org.apache.catalina.core.ApplicationContext.log Manager: list: Listing contexts for virtual host 'localhost'
08-Jul-2020 09:15:28.107 INFORMAÇÕES [http-nio-8001-exec-163] org.apache.catalina.core.ApplicationContext.log Manager: list: Listing contexts for virtual host 'localhost'
08-Jul-2020 09:15:28.109 INFORMAÇÕES [http-nio-8001-exec-167] org.apache.catalina.core.ApplicationContext.log Manager: undeploy: Undeploying web application at '/tasks'
08-Jul-2020 09:15:28.708 INFORMAÇÕES [http-nio-8001-exec-163] org.apache.catalina.core.ApplicationContext.log Manager: deploy: Deploying web application '/tasks'
08-Jul-2020 09:15:28.708 INFORMAÇÕES [http-nio-8001-exec-163] org.apache.catalina.core.ApplicationContext.log Manager: Uploading WAR file to /Volumes/ROBERTO-CD1/Dev/udemy.com/integracao-continua-jenkins/devops/apache-tomcat-9.0.36/webapps/tasks.war
08-Jul-2020 09:15:59.111 INFORMAÇÕES [http-nio-8001-exec-156] org.apache.catalina.core.ApplicationContext.log Manager: list: Listing contexts for virtual host 'localhost'
08-Jul-2020 09:15:59.114 INFORMAÇÕES [http-nio-8001-exec-168] org.apache.catalina.core.ApplicationContext.log Manager: list: Listing contexts for virtual host 'localhost'
08-Jul-2020 09:15:59.116 INFORMAÇÕES [http-nio-8001-exec-76] org.apache.catalina.core.ApplicationContext.log Manager: undeploy: Undeploying web application at '/tasks-backend'
08-Jul-2020 09:15:59.746 INFORMAÇÕES [http-nio-8001-exec-167] org.apache.catalina.core.ApplicationContext.log Manager: deploy: Deploying web application '/tasks-backend'
08-Jul-2020 09:15:59.746 INFORMAÇÕES [http-nio-8001-exec-167] org.apache.catalina.core.ApplicationContext.log Manager: Uploading WAR file to /Volumes/ROBERTO-CD1/Dev/udemy.com/integracao-continua-jenkins/devops/apache-tomcat-9.0.36/webapps/tasks-backend.war
08-Jul-2020 09:16:33.705 INFORMAÇÕES [http-nio-8001-exec-172] org.apache.catalina.core.ApplicationContext.log Manager: list: Listing contexts for virtual host 'localhost'
08-Jul-2020 09:16:33.706 INFORMAÇÕES [http-nio-8001-exec-168] org.apache.catalina.core.ApplicationContext.log Manager: list: Listing contexts for virtual host 'localhost'
08-Jul-2020 09:16:33.708 INFORMAÇÕES [http-nio-8001-exec-170] org.apache.catalina.core.ApplicationContext.log Manager: undeploy: Undeploying web application at '/tasks'
08-Jul-2020 09:16:34.297 INFORMAÇÕES [http-nio-8001-exec-168] org.apache.catalina.core.ApplicationContext.log Manager: deploy: Deploying web application '/tasks'
08-Jul-2020 09:16:34.297 INFORMAÇÕES [http-nio-8001-exec-168] org.apache.catalina.core.ApplicationContext.log Manager: Uploading WAR file to /Volumes/ROBERTO-CD1/Dev/udemy.com/integracao-continua-jenkins/devops/apache-tomcat-9.0.36/webapps/tasks.war
08-Jul-2020 09:17:04.429 INFORMAÇÕES [http-nio-8001-exec-173] org.apache.catalina.core.ApplicationContext.log Manager: list: Listing contexts for virtual host 'localhost'
08-Jul-2020 09:17:04.431 INFORMAÇÕES [http-nio-8001-exec-76] org.apache.catalina.core.ApplicationContext.log Manager: list: Listing contexts for virtual host 'localhost'
08-Jul-2020 09:17:04.432 INFORMAÇÕES [http-nio-8001-exec-121] org.apache.catalina.core.ApplicationContext.log Manager: undeploy: Undeploying web application at '/tasks-backend'
08-Jul-2020 09:17:05.044 INFORMAÇÕES [http-nio-8001-exec-170] org.apache.catalina.core.ApplicationContext.log Manager: deploy: Deploying web application '/tasks-backend'
08-Jul-2020 09:17:05.044 INFORMAÇÕES [http-nio-8001-exec-170] org.apache.catalina.core.ApplicationContext.log Manager: Uploading WAR file to /Volumes/ROBERTO-CD1/Dev/udemy.com/integracao-continua-jenkins/devops/apache-tomcat-9.0.36/webapps/tasks-backend.war
08-Jul-2020 09:17:44.044 INFORMAÇÕES [http-nio-8001-exec-175] org.apache.catalina.core.ApplicationContext.log Manager: list: Listing contexts for virtual host 'localhost'
08-Jul-2020 09:17:44.046 INFORMAÇÕES [http-nio-8001-exec-76] org.apache.catalina.core.ApplicationContext.log Manager: list: Listing contexts for virtual host 'localhost'
08-Jul-2020 09:17:44.048 INFORMAÇÕES [http-nio-8001-exec-130] org.apache.catalina.core.ApplicationContext.log Manager: undeploy: Undeploying web application at '/tasks'
08-Jul-2020 09:17:44.643 INFORMAÇÕES [http-nio-8001-exec-180] org.apache.catalina.core.ApplicationContext.log Manager: deploy: Deploying web application '/tasks'
08-Jul-2020 09:17:44.643 INFORMAÇÕES [http-nio-8001-exec-180] org.apache.catalina.core.ApplicationContext.log Manager: Uploading WAR file to /Volumes/ROBERTO-CD1/Dev/udemy.com/integracao-continua-jenkins/devops/apache-tomcat-9.0.36/webapps/tasks.war
08-Jul-2020 09:18:14.400 INFORMAÇÕES [http-nio-8001-exec-76] org.apache.catalina.core.ApplicationContext.log Manager: list: Listing contexts for virtual host 'localhost'
08-Jul-2020 09:18:14.403 INFORMAÇÕES [http-nio-8001-exec-178] org.apache.catalina.core.ApplicationContext.log Manager: list: Listing contexts for virtual host 'localhost'
08-Jul-2020 09:18:14.404 INFORMAÇÕES [http-nio-8001-exec-121] org.apache.catalina.core.ApplicationContext.log Manager: undeploy: Undeploying web application at '/tasks-backend'
08-Jul-2020 09:18:15.023 INFORMAÇÕES [http-nio-8001-exec-182] org.apache.catalina.core.ApplicationContext.log Manager: deploy: Deploying web application '/tasks-backend'
08-Jul-2020 09:18:15.024 INFORMAÇÕES [http-nio-8001-exec-182] org.apache.catalina.core.ApplicationContext.log Manager: Uploading WAR file to /Volumes/ROBERTO-CD1/Dev/udemy.com/integracao-continua-jenkins/devops/apache-tomcat-9.0.36/webapps/tasks-backend.war
08-Jul-2020 09:18:48.677 INFORMAÇÕES [http-nio-8001-exec-181] org.apache.catalina.core.ApplicationContext.log Manager: list: Listing contexts for virtual host 'localhost'
08-Jul-2020 09:18:48.678 INFORMAÇÕES [http-nio-8001-exec-178] org.apache.catalina.core.ApplicationContext.log Manager: list: Listing contexts for virtual host 'localhost'
08-Jul-2020 09:18:48.679 INFORMAÇÕES [http-nio-8001-exec-76] org.apache.catalina.core.ApplicationContext.log Manager: undeploy: Undeploying web application at '/tasks'
08-Jul-2020 09:18:49.275 INFORMAÇÕES [http-nio-8001-exec-184] org.apache.catalina.core.ApplicationContext.log Manager: deploy: Deploying web application '/tasks'
08-Jul-2020 09:18:49.276 INFORMAÇÕES [http-nio-8001-exec-184] org.apache.catalina.core.ApplicationContext.log Manager: Uploading WAR file to /Volumes/ROBERTO-CD1/Dev/udemy.com/integracao-continua-jenkins/devops/apache-tomcat-9.0.36/webapps/tasks.war
08-Jul-2020 09:19:18.859 INFORMAÇÕES [http-nio-8001-exec-130] org.apache.catalina.core.ApplicationContext.log Manager: list: Listing contexts for virtual host 'localhost'
08-Jul-2020 09:19:18.860 INFORMAÇÕES [http-nio-8001-exec-178] org.apache.catalina.core.ApplicationContext.log Manager: list: Listing contexts for virtual host 'localhost'
08-Jul-2020 09:19:18.862 INFORMAÇÕES [http-nio-8001-exec-121] org.apache.catalina.core.ApplicationContext.log Manager: undeploy: Undeploying web application at '/tasks-backend'
08-Jul-2020 09:19:19.464 INFORMAÇÕES [http-nio-8001-exec-178] org.apache.catalina.core.ApplicationContext.log Manager: deploy: Deploying web application '/tasks-backend'
08-Jul-2020 09:19:19.465 INFORMAÇÕES [http-nio-8001-exec-178] org.apache.catalina.core.ApplicationContext.log Manager: Uploading WAR file to /Volumes/ROBERTO-CD1/Dev/udemy.com/integracao-continua-jenkins/devops/apache-tomcat-9.0.36/webapps/tasks-backend.war
08-Jul-2020 09:19:45.749 INFORMAÇÕES [http-nio-8001-exec-185] org.apache.catalina.core.ApplicationContext.log Manager: list: Listing contexts for virtual host 'localhost'
08-Jul-2020 09:19:45.751 INFORMAÇÕES [http-nio-8001-exec-188] org.apache.catalina.core.ApplicationContext.log Manager: list: Listing contexts for virtual host 'localhost'
08-Jul-2020 09:19:45.752 INFORMAÇÕES [http-nio-8001-exec-186] org.apache.catalina.core.ApplicationContext.log Manager: undeploy: Undeploying web application at '/tasks'
08-Jul-2020 09:19:46.315 INFORMAÇÕES [http-nio-8001-exec-188] org.apache.catalina.core.ApplicationContext.log Manager: deploy: Deploying web application '/tasks'
08-Jul-2020 09:19:46.315 INFORMAÇÕES [http-nio-8001-exec-188] org.apache.catalina.core.ApplicationContext.log Manager: Uploading WAR file to /Volumes/ROBERTO-CD1/Dev/udemy.com/integracao-continua-jenkins/devops/apache-tomcat-9.0.36/webapps/tasks.war
08-Jul-2020 09:20:13.619 INFORMAÇÕES [http-nio-8001-exec-187] org.apache.catalina.core.ApplicationContext.log Manager: list: Listing contexts for virtual host 'localhost'
08-Jul-2020 09:20:13.621 INFORMAÇÕES [http-nio-8001-exec-76] org.apache.catalina.core.ApplicationContext.log Manager: list: Listing contexts for virtual host 'localhost'
08-Jul-2020 09:20:13.622 INFORMAÇÕES [http-nio-8001-exec-121] org.apache.catalina.core.ApplicationContext.log Manager: undeploy: Undeploying web application at '/tasks-backend'
08-Jul-2020 09:20:14.232 INFORMAÇÕES [http-nio-8001-exec-189] org.apache.catalina.core.ApplicationContext.log Manager: deploy: Deploying web application '/tasks-backend'
08-Jul-2020 09:20:14.233 INFORMAÇÕES [http-nio-8001-exec-189] org.apache.catalina.core.ApplicationContext.log Manager: Uploading WAR file to /Volumes/ROBERTO-CD1/Dev/udemy.com/integracao-continua-jenkins/devops/apache-tomcat-9.0.36/webapps/tasks-backend.war
08-Jul-2020 09:20:53.252 INFORMAÇÕES [http-nio-8001-exec-186] org.apache.catalina.core.ApplicationContext.log Manager: list: Listing contexts for virtual host 'localhost'
08-Jul-2020 09:20:53.275 INFORMAÇÕES [http-nio-8001-exec-190] org.apache.catalina.core.ApplicationContext.log Manager: list: Listing contexts for virtual host 'localhost'
08-Jul-2020 09:20:53.277 INFORMAÇÕES [http-nio-8001-exec-190] org.apache.catalina.core.ApplicationContext.log Manager: undeploy: Undeploying web application at '/tasks'
08-Jul-2020 09:20:53.935 INFORMAÇÕES [http-nio-8001-exec-193] org.apache.catalina.core.ApplicationContext.log Manager: deploy: Deploying web application '/tasks'
08-Jul-2020 09:20:53.935 INFORMAÇÕES [http-nio-8001-exec-193] org.apache.catalina.core.ApplicationContext.log Manager: Uploading WAR file to /Volumes/ROBERTO-CD1/Dev/udemy.com/integracao-continua-jenkins/devops/apache-tomcat-9.0.36/webapps/tasks.war
08-Jul-2020 09:21:27.339 INFORMAÇÕES [http-nio-8001-exec-194] org.apache.catalina.core.ApplicationContext.log Manager: list: Listing contexts for virtual host 'localhost'
08-Jul-2020 09:21:27.341 INFORMAÇÕES [http-nio-8001-exec-192] org.apache.catalina.core.ApplicationContext.log Manager: list: Listing contexts for virtual host 'localhost'
08-Jul-2020 09:21:27.342 INFORMAÇÕES [http-nio-8001-exec-76] org.apache.catalina.core.ApplicationContext.log Manager: undeploy: Undeploying web application at '/tasks-backend'
08-Jul-2020 09:21:27.977 INFORMAÇÕES [http-nio-8001-exec-190] org.apache.catalina.core.ApplicationContext.log Manager: deploy: Deploying web application '/tasks-backend'
08-Jul-2020 09:21:27.977 INFORMAÇÕES [http-nio-8001-exec-190] org.apache.catalina.core.ApplicationContext.log Manager: Uploading WAR file to /Volumes/ROBERTO-CD1/Dev/udemy.com/integracao-continua-jenkins/devops/apache-tomcat-9.0.36/webapps/tasks-backend.war
08-Jul-2020 09:22:04.086 INFORMAÇÕES [http-nio-8001-exec-197] org.apache.catalina.core.ApplicationContext.log Manager: list: Listing contexts for virtual host 'localhost'
08-Jul-2020 09:22:04.087 INFORMAÇÕES [http-nio-8001-exec-195] org.apache.catalina.core.ApplicationContext.log Manager: list: Listing contexts for virtual host 'localhost'
08-Jul-2020 09:22:04.088 INFORMAÇÕES [http-nio-8001-exec-192] org.apache.catalina.core.ApplicationContext.log Manager: undeploy: Undeploying web application at '/tasks'
08-Jul-2020 09:22:04.677 INFORMAÇÕES [http-nio-8001-exec-198] org.apache.catalina.core.ApplicationContext.log Manager: deploy: Deploying web application '/tasks'
08-Jul-2020 09:22:04.677 INFORMAÇÕES [http-nio-8001-exec-198] org.apache.catalina.core.ApplicationContext.log Manager: Uploading WAR file to /Volumes/ROBERTO-CD1/Dev/udemy.com/integracao-continua-jenkins/devops/apache-tomcat-9.0.36/webapps/tasks.war
08-Jul-2020 09:22:41.163 INFORMAÇÕES [http-nio-8001-exec-195] org.apache.catalina.core.ApplicationContext.log Manager: list: Listing contexts for virtual host 'localhost'
08-Jul-2020 09:22:41.165 INFORMAÇÕES [http-nio-8001-exec-196] org.apache.catalina.core.ApplicationContext.log Manager: list: Listing contexts for virtual host 'localhost'
08-Jul-2020 09:22:41.166 INFORMAÇÕES [http-nio-8001-exec-76] org.apache.catalina.core.ApplicationContext.log Manager: undeploy: Undeploying web application at '/tasks-backend'
08-Jul-2020 09:22:41.794 INFORMAÇÕES [http-nio-8001-exec-201] org.apache.catalina.core.ApplicationContext.log Manager: deploy: Deploying web application '/tasks-backend'
08-Jul-2020 09:22:41.794 INFORMAÇÕES [http-nio-8001-exec-201] org.apache.catalina.core.ApplicationContext.log Manager: Uploading WAR file to /Volumes/ROBERTO-CD1/Dev/udemy.com/integracao-continua-jenkins/devops/apache-tomcat-9.0.36/webapps/tasks-backend.war
08-Jul-2020 09:24:38.587 INFORMAÇÕES [http-nio-8001-exec-203] org.apache.catalina.core.ApplicationContext.log Manager: list: Listing contexts for virtual host 'localhost'
08-Jul-2020 09:24:38.593 INFORMAÇÕES [http-nio-8001-exec-204] org.apache.catalina.core.ApplicationContext.log Manager: list: Listing contexts for virtual host 'localhost'
08-Jul-2020 09:24:38.595 INFORMAÇÕES [http-nio-8001-exec-138] org.apache.catalina.core.ApplicationContext.log Manager: undeploy: Undeploying web application at '/tasks-backend'
08-Jul-2020 09:24:39.271 INFORMAÇÕES [http-nio-8001-exec-204] org.apache.catalina.core.ApplicationContext.log Manager: deploy: Deploying web application '/tasks-backend'
08-Jul-2020 09:24:39.271 INFORMAÇÕES [http-nio-8001-exec-204] org.apache.catalina.core.ApplicationContext.log Manager: Uploading WAR file to /Volumes/ROBERTO-CD1/Dev/udemy.com/integracao-continua-jenkins/devops/apache-tomcat-9.0.36/webapps/tasks-backend.war
08-Jul-2020 09:25:17.119 INFORMAÇÕES [http-nio-8001-exec-205] org.apache.catalina.core.ApplicationContext.log HTMLManager: list: Listing contexts for virtual host 'localhost'
08-Jul-2020 17:37:20.672 INFORMAÇÕES [http-nio-8001-exec-6] org.apache.catalina.core.ApplicationContext.log HTMLManager: init: Associated with Deployer 'Catalina:type=Deployer,host=localhost'
08-Jul-2020 17:37:20.672 INFORMAÇÕES [http-nio-8001-exec-6] org.apache.catalina.core.ApplicationContext.log HTMLManager: init: Global resources are available
08-Jul-2020 17:37:20.764 INFORMAÇÕES [http-nio-8001-exec-6] org.apache.catalina.core.ApplicationContext.log HTMLManager: list: Listing contexts for virtual host 'localhost'
08-Jul-2020 17:37:25.464 INFORMAÇÕES [http-nio-8001-exec-8] org.apache.catalina.core.ApplicationContext.log HTMLManager: undeploy: Undeploying web application at '/tasks-backend'
08-Jul-2020 17:37:27.231 INFORMAÇÕES [http-nio-8001-exec-8] org.apache.catalina.core.ApplicationContext.log HTMLManager: list: Listing contexts for virtual host 'localhost'
08-Jul-2020 17:37:32.462 INFORMAÇÕES [http-nio-8001-exec-3] org.apache.catalina.core.ApplicationContext.log HTMLManager: undeploy: Undeploying web application at '/tasks'
08-Jul-2020 17:37:33.161 INFORMAÇÕES [http-nio-8001-exec-3] org.apache.catalina.core.ApplicationContext.log HTMLManager: list: Listing contexts for virtual host 'localhost'
08-Jul-2020 17:41:12.888 INFORMAÇÕES [http-nio-8001-exec-12] org.apache.catalina.core.ApplicationContext.log Manager: init: Associated with Deployer 'Catalina:type=Deployer,host=localhost'
08-Jul-2020 17:41:12.889 INFORMAÇÕES [http-nio-8001-exec-12] org.apache.catalina.core.ApplicationContext.log Manager: init: Global resources are available
08-Jul-2020 17:41:12.894 INFORMAÇÕES [http-nio-8001-exec-12] org.apache.catalina.core.ApplicationContext.log Manager: list: Listing contexts for virtual host 'localhost'
08-Jul-2020 17:41:12.925 INFORMAÇÕES [http-nio-8001-exec-13] org.apache.catalina.core.ApplicationContext.log Manager: deploy: Deploying web application '/tasks-backend'
08-Jul-2020 17:41:12.925 INFORMAÇÕES [http-nio-8001-exec-13] org.apache.catalina.core.ApplicationContext.log Manager: Uploading WAR file to /Volumes/ROBERTO-CD1/Dev/udemy.com/integracao-continua-jenkins/devops/apache-tomcat-9.0.36/webapps/tasks-backend.war
08-Jul-2020 17:55:15.474 INFORMAÇÕES [http-nio-8001-exec-12] org.apache.catalina.core.ApplicationContext.log HTMLManager: undeploy: Undeploying web application at '/tasks'
08-Jul-2020 17:55:15.475 INFORMAÇÕES [http-nio-8001-exec-12] org.apache.catalina.core.ApplicationContext.log HTMLManager: list: Listing contexts for virtual host 'localhost'
08-Jul-2020 17:55:26.315 INFORMAÇÕES [http-nio-8001-exec-14] org.apache.catalina.core.ApplicationContext.log HTMLManager: undeploy: Undeploying web application at '/tasks-backend'
08-Jul-2020 17:55:27.039 INFORMAÇÕES [http-nio-8001-exec-14] org.apache.catalina.core.ApplicationContext.log HTMLManager: list: Listing contexts for virtual host 'localhost'
08-Jul-2020 17:56:51.113 INFORMAÇÕES [http-nio-8001-exec-22] org.apache.catalina.core.ApplicationContext.log Manager: list: Listing contexts for virtual host 'localhost'
08-Jul-2020 17:56:51.119 INFORMAÇÕES [http-nio-8001-exec-23] org.apache.catalina.core.ApplicationContext.log Manager: deploy: Deploying web application '/tasks-backend'
08-Jul-2020 17:56:51.119 INFORMAÇÕES [http-nio-8001-exec-23] org.apache.catalina.core.ApplicationContext.log Manager: Uploading WAR file to /Volumes/ROBERTO-CD1/Dev/udemy.com/integracao-continua-jenkins/devops/apache-tomcat-9.0.36/webapps/tasks-backend.war
08-Jul-2020 18:00:43.934 INFORMAÇÕES [http-nio-8001-exec-25] org.apache.catalina.core.ApplicationContext.log HTMLManager: undeploy: Undeploying web application at '/tasks-backend'
08-Jul-2020 18:00:44.618 INFORMAÇÕES [http-nio-8001-exec-25] org.apache.catalina.core.ApplicationContext.log HTMLManager: list: Listing contexts for virtual host 'localhost'
08-Jul-2020 18:01:04.373 INFORMAÇÕES [http-nio-8001-exec-23] org.apache.catalina.core.ApplicationContext.log HTMLManager: list: Listing contexts for virtual host 'localhost'
08-Jul-2020 18:01:16.665 INFORMAÇÕES [http-nio-8001-exec-19] org.apache.catalina.core.ApplicationContext.log HTMLManager: list: Listing contexts for virtual host 'localhost'
08-Jul-2020 18:01:30.068 INFORMAÇÕES [http-nio-8001-exec-22] org.apache.catalina.core.ApplicationContext.log HTMLManager: list: Listing contexts for virtual host 'localhost'
08-Jul-2020 18:01:41.082 INFORMAÇÕES [http-nio-8001-exec-27] org.apache.catalina.core.ApplicationContext.log HTMLManager: list: Listing contexts for virtual host 'localhost'
08-Jul-2020 18:02:21.644 INFORMAÇÕES [http-nio-8001-exec-1] org.apache.catalina.core.ApplicationContext.log HTMLManager: init: Associated with Deployer 'Catalina:type=Deployer,host=localhost'
08-Jul-2020 18:02:21.644 INFORMAÇÕES [http-nio-8001-exec-1] org.apache.catalina.core.ApplicationContext.log HTMLManager: init: Global resources are available
08-Jul-2020 18:02:21.666 INFORMAÇÕES [http-nio-8001-exec-1] org.apache.catalina.core.ApplicationContext.log HTMLManager: list: Listing contexts for virtual host 'localhost'
